<?xml version="1.0" encoding="UTF-8"?>
<!-- Generated by org.testng.reporters.JUnitReportReporter -->
<testsuite hostname="DESKTOP-0VQF23E" failures="0" tests="1" name="runner.LogOut_TC_002" time="13.956" errors="0" timestamp="2024-08-31T17:46:05 IST" skipped="0">
  <testcase classname="runner.LogOut_TC_002" name="runnerz" time="13.956"/>
  <system-out/>
</testsuite> <!-- runner.LogOut_TC_002 -->
